android/mobile/build/intermediates/manifest_merge_blame_file/debug/processDebugMainManifest/manifest-merger-blame-debug-report.txt
1<?xml version="1.0" encoding="utf-8"?>
2<manifest xmlns:android="http://schemas.android.com/apk/res/android"
3    package="com.ddc.bansoogi"
4    android:versionCode="1"
5    android:versionName="1.0" >
6
7    <uses-sdk
8        android:minSdkVersion="29"
9        android:targetSdkVersion="35" />
10
11    <uses-permission android:name="android.permission.POST_NOTIFICATIONS" />
11-->src\main\AndroidManifest.xml:5:5-76
11-->src\main\AndroidManifest.xml:5:22-74
12    <uses-permission android:name="android.permission.SCHEDULE_EXACT_ALARM" />
12-->src\main\AndroidManifest.xml:6:5-79
12-->src\main\AndroidManifest.xml:6:22-76
13    <uses-permission
13-->src\main\AndroidManifest.xml:7:5-8:38
14        android:name="android.permission.WRITE_EXTERNAL_STORAGE"
14-->src\main\AndroidManifest.xml:7:22-78
15        android:maxSdkVersion="28" />
15-->src\main\AndroidManifest.xml:8:9-35
16
17    <queries>
17-->[samsung-health-data-api-1.0.0-b2.aar] AndroidManifest.xml:7:5-10:15
18        <package android:name="com.sec.android.app.shealth" />
18-->[samsung-health-data-api-1.0.0-b2.aar] AndroidManifest.xml:8:9-63
18-->[samsung-health-data-api-1.0.0-b2.aar] AndroidManifest.xml:8:18-60
19        <package android:name="com.samsung.android.wear.shealth" />
19-->[samsung-health-data-api-1.0.0-b2.aar] AndroidManifest.xml:9:9-68
19-->[samsung-health-data-api-1.0.0-b2.aar] AndroidManifest.xml:9:18-65
20    </queries>
21
22    <uses-permission android:name="android.permission.INTERNET" />
22-->[samsung-health-data-api-1.0.0-b2.aar] AndroidManifest.xml:12:5-67
22-->[samsung-health-data-api-1.0.0-b2.aar] AndroidManifest.xml:12:22-64
23
24    <permission
24-->[androidx.core:core:1.16.0] AndroidManifest.xml:22:5-24:47
25        android:name="com.ddc.bansoogi.DYNAMIC_RECEIVER_NOT_EXPORTED_PERMISSION"
25-->[androidx.core:core:1.16.0] AndroidManifest.xml:23:9-81
26        android:protectionLevel="signature" />
26-->[androidx.core:core:1.16.0] AndroidManifest.xml:24:9-44
27
28    <uses-permission android:name="com.ddc.bansoogi.DYNAMIC_RECEIVER_NOT_EXPORTED_PERMISSION" />
28-->[androidx.core:core:1.16.0] AndroidManifest.xml:26:5-97
28-->[androidx.core:core:1.16.0] AndroidManifest.xml:26:22-94
29
30    <application
30-->src\main\AndroidManifest.xml:10:5-63:19
31        android:name="com.ddc.bansoogi.MyApplication"
31-->src\main\AndroidManifest.xml:11:9-38
32        android:allowBackup="true"
32-->src\main\AndroidManifest.xml:12:9-35
33        android:appComponentFactory="androidx.core.app.CoreComponentFactory"
33-->[androidx.core:core:1.16.0] AndroidManifest.xml:28:18-86
34        android:dataExtractionRules="@xml/data_extraction_rules"
34-->src\main\AndroidManifest.xml:13:9-65
35        android:debuggable="true"
36        android:extractNativeLibs="false"
37        android:fullBackupContent="@xml/backup_rules"
37-->src\main\AndroidManifest.xml:14:9-54
38        android:icon="@mipmap/ic_launcher"
38-->src\main\AndroidManifest.xml:15:9-43
39        android:label="@string/app_name"
39-->src\main\AndroidManifest.xml:16:9-41
40        android:roundIcon="@mipmap/ic_launcher_round"
40-->src\main\AndroidManifest.xml:17:9-54
41        android:supportsRtl="true"
41-->src\main\AndroidManifest.xml:18:9-35
42        android:theme="@style/Theme.Eggi" >
42-->src\main\AndroidManifest.xml:19:9-42
43
44        <!-- ✅ 앱 시작점: SplashActivity -->
45        <activity
45-->src\main\AndroidManifest.xml:23:9-31:20
46            android:name="com.ddc.bansoogi.main.ui.SplashActivity"
46-->src\main\AndroidManifest.xml:24:13-51
47            android:exported="true"
47-->src\main\AndroidManifest.xml:25:13-36
48            android:theme="@style/Theme.Eggi" >
48-->src\main\AndroidManifest.xml:26:13-46
49            <intent-filter>
49-->src\main\AndroidManifest.xml:27:13-30:29
50                <action android:name="android.intent.action.MAIN" />
50-->src\main\AndroidManifest.xml:28:17-69
50-->src\main\AndroidManifest.xml:28:25-66
51
52                <category android:name="android.intent.category.LAUNCHER" />
52-->src\main\AndroidManifest.xml:29:17-77
52-->src\main\AndroidManifest.xml:29:27-74
53            </intent-filter>
54        </activity>
55
56        <!-- ✅ 모바일과 통신을 위한 수신 서비스 등록 -->
57        <service
57-->src\main\AndroidManifest.xml:34:9-42:19
58            android:name="com.ddc.bansoogi.common.wear.communication.receiver.WearToMobileReceiverService"
58-->src\main\AndroidManifest.xml:35:13-91
59            android:enabled="true"
59-->src\main\AndroidManifest.xml:36:13-35
60            android:exported="true" >
60-->src\main\AndroidManifest.xml:37:13-36
61            <intent-filter>
61-->src\main\AndroidManifest.xml:38:13-41:29
62                <action android:name="com.google.android.gms.wearable.BIND_LISTENER" />
62-->src\main\AndroidManifest.xml:39:17-40:59
62-->src\main\AndroidManifest.xml:39:25-85
63            </intent-filter>
64        </service>
65
66        <!-- ✅ Main 화면 -->
67        <activity
67-->src\main\AndroidManifest.xml:45:9-48:49
68            android:name="com.ddc.bansoogi.main.ui.MainActivity"
68-->src\main\AndroidManifest.xml:46:13-49
69            android:exported="true"
69-->src\main\AndroidManifest.xml:47:13-36
70            android:theme="@style/Theme.Eggi" />
70-->src\main\AndroidManifest.xml:48:13-46
71
72        <!-- ✅ Landing 화면 -->
73        <activity
73-->src\main\AndroidManifest.xml:51:9-53:39
74            android:name="com.ddc.bansoogi.landing.view.LandingActivity"
74-->src\main\AndroidManifest.xml:52:13-57
75            android:exported="true" />
75-->src\main\AndroidManifest.xml:53:13-36
76
77        <!-- ✅ person -->
78        <activity
78-->src\main\AndroidManifest.xml:56:9-58:40
79            android:name="com.ddc.bansoogi.person.ui.PersonActivity"
79-->src\main\AndroidManifest.xml:57:13-53
80            android:exported="false" />
80-->src\main\AndroidManifest.xml:58:13-37
81
82        <receiver
82-->src\main\AndroidManifest.xml:60:9-62:40
83            android:name="com.ddc.bansoogi.common.notification.DailyAlarmReceiver"
83-->src\main\AndroidManifest.xml:61:13-67
84            android:exported="false" />
84-->src\main\AndroidManifest.xml:62:13-37
85
86        <activity
86-->[androidx.compose.ui:ui-tooling-android:1.7.8] AndroidManifest.xml:23:9-25:39
87            android:name="androidx.compose.ui.tooling.PreviewActivity"
87-->[androidx.compose.ui:ui-tooling-android:1.7.8] AndroidManifest.xml:24:13-71
88            android:exported="true" />
88-->[androidx.compose.ui:ui-tooling-android:1.7.8] AndroidManifest.xml:25:13-36
89
90        <provider
90-->[androidx.emoji2:emoji2:1.3.0] AndroidManifest.xml:24:9-32:20
91            android:name="androidx.startup.InitializationProvider"
91-->[androidx.emoji2:emoji2:1.3.0] AndroidManifest.xml:25:13-67
92            android:authorities="com.ddc.bansoogi.androidx-startup"
92-->[androidx.emoji2:emoji2:1.3.0] AndroidManifest.xml:26:13-68
93            android:exported="false" >
93-->[androidx.emoji2:emoji2:1.3.0] AndroidManifest.xml:27:13-37
94            <meta-data
94-->[androidx.emoji2:emoji2:1.3.0] AndroidManifest.xml:29:13-31:52
95                android:name="androidx.emoji2.text.EmojiCompatInitializer"
95-->[androidx.emoji2:emoji2:1.3.0] AndroidManifest.xml:30:17-75
96                android:value="androidx.startup" />
96-->[androidx.emoji2:emoji2:1.3.0] AndroidManifest.xml:31:17-49
97            <meta-data
97-->[androidx.lifecycle:lifecycle-process:2.9.0] AndroidManifest.xml:29:13-31:52
98                android:name="androidx.lifecycle.ProcessLifecycleInitializer"
98-->[androidx.lifecycle:lifecycle-process:2.9.0] AndroidManifest.xml:30:17-78
99                android:value="androidx.startup" />
99-->[androidx.lifecycle:lifecycle-process:2.9.0] AndroidManifest.xml:31:17-49
100            <meta-data
100-->[io.realm.kotlin:cinterop-android:3.0.0] AndroidManifest.xml:32:13-34:52
101                android:name="io.realm.kotlin.internal.RealmInitializer"
101-->[io.realm.kotlin:cinterop-android:3.0.0] AndroidManifest.xml:33:17-73
102                android:value="androidx.startup" />
102-->[io.realm.kotlin:cinterop-android:3.0.0] AndroidManifest.xml:34:17-49
103            <meta-data
103-->[androidx.profileinstaller:profileinstaller:1.4.0] AndroidManifest.xml:29:13-31:52
104                android:name="androidx.profileinstaller.ProfileInstallerInitializer"
104-->[androidx.profileinstaller:profileinstaller:1.4.0] AndroidManifest.xml:30:17-85
105                android:value="androidx.startup" />
105-->[androidx.profileinstaller:profileinstaller:1.4.0] AndroidManifest.xml:31:17-49
106        </provider>
107
108        <activity
108-->[com.google.android.gms:play-services-base:18.5.0] AndroidManifest.xml:5:9-173
109            android:name="com.google.android.gms.common.api.GoogleApiActivity"
109-->[com.google.android.gms:play-services-base:18.5.0] AndroidManifest.xml:5:19-85
110            android:exported="false"
110-->[com.google.android.gms:play-services-base:18.5.0] AndroidManifest.xml:5:146-170
111            android:theme="@android:style/Theme.Translucent.NoTitleBar" />
111-->[com.google.android.gms:play-services-base:18.5.0] AndroidManifest.xml:5:86-145
112
113        <meta-data
113-->[com.google.android.gms:play-services-basement:18.4.0] AndroidManifest.xml:6:9-122
114            android:name="com.google.android.gms.version"
114-->[com.google.android.gms:play-services-basement:18.4.0] AndroidManifest.xml:6:20-65
115            android:value="@integer/google_play_services_version" />
115-->[com.google.android.gms:play-services-basement:18.4.0] AndroidManifest.xml:6:66-119
116
117        <receiver
117-->[androidx.profileinstaller:profileinstaller:1.4.0] AndroidManifest.xml:34:9-52:20
118            android:name="androidx.profileinstaller.ProfileInstallReceiver"
118-->[androidx.profileinstaller:profileinstaller:1.4.0] AndroidManifest.xml:35:13-76
119            android:directBootAware="false"
119-->[androidx.profileinstaller:profileinstaller:1.4.0] AndroidManifest.xml:36:13-44
120            android:enabled="true"
120-->[androidx.profileinstaller:profileinstaller:1.4.0] AndroidManifest.xml:37:13-35
121            android:exported="true"
121-->[androidx.profileinstaller:profileinstaller:1.4.0] AndroidManifest.xml:38:13-36
122            android:permission="android.permission.DUMP" >
122-->[androidx.profileinstaller:profileinstaller:1.4.0] AndroidManifest.xml:39:13-57
123            <intent-filter>
123-->[androidx.profileinstaller:profileinstaller:1.4.0] AndroidManifest.xml:40:13-42:29
124                <action android:name="androidx.profileinstaller.action.INSTALL_PROFILE" />
124-->[androidx.profileinstaller:profileinstaller:1.4.0] AndroidManifest.xml:41:17-91
124-->[androidx.profileinstaller:profileinstaller:1.4.0] AndroidManifest.xml:41:25-88
125            </intent-filter>
126            <intent-filter>
126-->[androidx.profileinstaller:profileinstaller:1.4.0] AndroidManifest.xml:43:13-45:29
127                <action android:name="androidx.profileinstaller.action.SKIP_FILE" />
127-->[androidx.profileinstaller:profileinstaller:1.4.0] AndroidManifest.xml:44:17-85
127-->[androidx.profileinstaller:profileinstaller:1.4.0] AndroidManifest.xml:44:25-82
128            </intent-filter>
129            <intent-filter>
129-->[androidx.profileinstaller:profileinstaller:1.4.0] AndroidManifest.xml:46:13-48:29
130                <action android:name="androidx.profileinstaller.action.SAVE_PROFILE" />
130-->[androidx.profileinstaller:profileinstaller:1.4.0] AndroidManifest.xml:47:17-88
130-->[androidx.profileinstaller:profileinstaller:1.4.0] AndroidManifest.xml:47:25-85
131            </intent-filter>
132            <intent-filter>
132-->[androidx.profileinstaller:profileinstaller:1.4.0] AndroidManifest.xml:49:13-51:29
133                <action android:name="androidx.profileinstaller.action.BENCHMARK_OPERATION" />
133-->[androidx.profileinstaller:profileinstaller:1.4.0] AndroidManifest.xml:50:17-95
133-->[androidx.profileinstaller:profileinstaller:1.4.0] AndroidManifest.xml:50:25-92
134            </intent-filter>
135        </receiver>
136    </application>
137
138</manifest>